


ARM Macro Assembler    Page 1 


    1 00000000                 PRESERVE8
    2 00000000                 THUMB
    3 00000000         
    4 00000000                 AREA             RESET, DATA, READONLY
    5 00000000         
    6 00000000                 EXPORT           __Vectors
    7 00000000                 IMPORT           HardFault_Handler
    8 00000000                 IMPORT           UsageFault_Handler
    9 00000000                 IMPORT           SVC_Handler
   10 00000000                 IMPORT           SysTick_Handler
   11 00000000                 EXPORT           SysTick_Handler_asm
   12 00000000                 EXPORT           UsageFault_Handler_asm
   13 00000000         
   14 00000000 00000000 
                       __Vectors
                               DCD              0
   15 00000004 00000000        DCD              Reset_Handler ; Reset Handler
   16 00000008 00000000        DCD              0           ; NMI Handler
   17 0000000C 00000000        DCD              HardFault_Handler ; Hard Fault 
                                                            Handler
   18 00000010 00000000        DCD              0           ; MPU Fault Handler
                                                            
   19 00000014 00000000        DCD              0           ; Bus Fault Handler
                                                            
   20 00000018 00000000        DCD              UsageFault_Handler_asm ; Usage 
                                                            Fault Handler
   21 0000001C 00000000        DCD              0           ; Reserved
   22 00000020 00000000        DCD              0           ; Reserved
   23 00000024 00000000        DCD              0           ; Reserved
   24 00000028 00000000        DCD              0           ; Reserved
   25 0000002C 00000000        DCD              SVC_Handler ; SVCall Handler
   26 00000030 00000000        DCD              0           ; Debug Monitor Han
                                                            dler
   27 00000034 00000000        DCD              0           ; Reserved
   28 00000038 00000000        DCD              0           ; PendSV Handler
   29 0000003C 00000000        DCD              SysTick_Handler_asm 
                                                            ; SysTick Handler
   30 00000040         
   31 00000040         
   32 00000040                 AREA             |.text|, CODE, READONLY
   33 00000000         
   34 00000000         Reset_Handler
                               PROC
   35 00000000                 IMPORT           mymain
   36 00000000                 IMPORT           mymemcpy
   37 00000000         ;IMPORT |Image$$RW_IRAM1$$Base|  ; DST
   38 00000000         ;IMPORT |Image$$RW_IRAM1$$Length| ; Length
   39 00000000         ;IMPORT |Load$$RW_IRAM1$$Base|  ; SRC
   40 00000000         
   41 00000000                 IMPORT           usart1_init
   42 00000000                 IMPORT           UsageFaultInit
   43 00000000                 IMPORT           SystemInit
   44 00000000                 IMPORT           SysTickInit
   45 00000000                 IMPORT           LedInit
   46 00000000         
   47 00000000         
   48 00000000                 EXPORT           Reset_Handler    [WEAK]
   49 00000000 F8DF D050       LDR              SP, =(0x20000000+0x5000)
   50 00000004         



ARM Macro Assembler    Page 2 


   51 00000004         ;LDR  R0, =|Image$$RW_IRAM1$$Base|
   52 00000004         ;LDR  R1, =|Load$$RW_IRAM1$$Base|
   53 00000004         ;LDR  R2, =|Image$$RW_IRAM1$$Length|
   54 00000004         
   55 00000004         ;BL  mymemcpy
   56 00000004         ;LDR  R0, =SystemInit
   57 00000004         ;BLX  R0
   58 00000004         ;LDR  R0, =usart1_init
   59 00000004         ;BLX  R0
   60 00000004         ;LDR  R0, =UsageFaultInit
   61 00000004         ;BLX  R0
   62 00000004         
   63 00000004         ;LDR  R0, =0x11111111
   64 00000004         ;LDR  R1, =0x22222222
   65 00000004         ;LDR  R2, =0x33333333
   66 00000004         ;LDR  R3, =0x44444444
   67 00000004         ;LDR  R12, =0x55555555
   68 00000004         
   69 00000004         ;SVC  #1
   70 00000004         
   71 00000004         ;DCD  0xffffffff
   72 00000004         
   73 00000004         ;LDR  R0, =SysTickInit
   74 00000004         ;BLX  R0
   75 00000004 F7FF FFFE       BL               SystemInit
   76 00000008 F7FF FFFE       BL               usart1_init
   77 0000000C F7FF FFFE       BL               UsageFaultInit
   78 00000010 F7FF FFFE       BL               SysTickInit
   79 00000014 F7FF FFFE       BL               LedInit
   80 00000018         
   81 00000018 F7FF BFFE       B                mymain
   82 0000001C         
   83 0000001C                 ENDP
   84 0000001C         
   85 0000001C         UsageFault_Handler_asm
                               PROC
   86 0000001C 4668            MOV              R0, SP
   87 0000001E F7FF BFFE       B                UsageFault_Handler
   88 00000022                 ENDP
   89 00000022         
   90 00000022         
   91 00000022         SysTick_Handler_asm
                               PROC
   92 00000022         ; 淇瀛板
   93 00000022                 IMPORT           save_stack_frame
   94 00000022                 IMPORT           save_stack
   95 00000022                 IMPORT           |cur_task|
   96 00000022         
   97 00000022 480D            LDR              R0, =|cur_task|
   98 00000024 6800            LDR              R0, [R0, #0]
   99 00000026         ;CBNZ R0, save_stack_asm
  100 00000026 2800            CMP              R0, #0
  101 00000028         ;BNE SAVE_OLD_STACK
  102 00000028 D005            BEQ              DO_NOT_SAVE_STACK
  103 0000002A         
  104 0000002A         SAVE_OLD_STACK
  105 0000002A         ;PUSH {R4-R11}
  106 0000002A E92D 0FF0       STMDB            SP!, {R4-R11}
  107 0000002E 480A            LDR              R0, =|cur_task|



ARM Macro Assembler    Page 3 


  108 00000030 6800            LDR              R0, [R0, #0]
  109 00000032 F8C0 D01C       STR              SP, [R0, #0x1c]
  110 00000036         
  111 00000036         ;BL   save_stack
  112 00000036         
  113 00000036         DO_NOT_SAVE_STACK
  114 00000036         
  115 00000036         ; CMP  cur_task, #0
  116 00000036         ;MOV  R0, LR
  117 00000036         ;MOV  R0, #0xFFFFFFF9
  118 00000036 F7FF FFFE       BL               SysTick_Handler
  119 0000003A                 ENDP
  120 0000003A         
  121 0000003A         save_stack_asm
                               PROC
  122 0000003A                 IMPORT           |cur_task|
  123 0000003A E92D 0FF0       PUSH             {R4-R11}
  124 0000003E 4806            LDR              R0, =|cur_task|
  125 00000040 6800            LDR              R0, [R0, #0]
  126 00000042 F8C0 D01C       STR              SP, [R0, #0x1c]
  127 00000046         
  128 00000046 4770            BX               LR
  129 00000048                 ENDP
  130 00000048         
  131 00000048         
  132 00000048         start_task_asm
                               PROC
  133 00000048                 EXPORT           start_task_asm
  134 00000048 E8B0 0FF0       LDMIA            R0!, {R4-R11}
  135 0000004C         
  136 0000004C F380 8808       MSR              MSP, R0
  137 00000050         
  138 00000050 4708            BX               R1
  139 00000052                 ENDP
  140 00000052         
  141 00000052                 END
              00 00 20005000 
              00000000 
Command Line: --debug --xref --diag_suppress=9931 --cpu=Cortex-M3 --apcs=interw
ork --depend=.\objects\start.d -o.\objects\start.o -IC:\Users\30929\Nutstore\1\
我的坚果云\MyRTOS\LED\RTE -IF:\Keil\ARM\PACK\Keil\STM32F1xx_DFP\1.0.5\Device\In
clude -IF:\Keil\ARM\CMSIS\Include --predefine="__UVISION_VERSION SETA 514" --pr
edefine="STM32F10X_MD SETA 1" --list=.\listings\start.lst start\start.s



ARM Macro Assembler    Page 1 Alphabetic symbol ordering
Relocatable symbols

RESET 00000000

Symbol: RESET
   Definitions
      At line 4 in file start\start.s
   Uses
      None
Comment: RESET unused
__Vectors 00000000

Symbol: __Vectors
   Definitions
      At line 14 in file start\start.s
   Uses
      At line 6 in file start\start.s
Comment: __Vectors used once
2 symbols



ARM Macro Assembler    Page 1 Alphabetic symbol ordering
Relocatable symbols

.text 00000000

Symbol: .text
   Definitions
      At line 32 in file start\start.s
   Uses
      None
Comment: .text unused
DO_NOT_SAVE_STACK 00000036

Symbol: DO_NOT_SAVE_STACK
   Definitions
      At line 113 in file start\start.s
   Uses
      At line 102 in file start\start.s
Comment: DO_NOT_SAVE_STACK used once
Reset_Handler 00000000

Symbol: Reset_Handler
   Definitions
      At line 34 in file start\start.s
   Uses
      At line 15 in file start\start.s
      At line 48 in file start\start.s

SAVE_OLD_STACK 0000002A

Symbol: SAVE_OLD_STACK
   Definitions
      At line 104 in file start\start.s
   Uses
      None
Comment: SAVE_OLD_STACK unused
SysTick_Handler_asm 00000022

Symbol: SysTick_Handler_asm
   Definitions
      At line 91 in file start\start.s
   Uses
      At line 11 in file start\start.s
      At line 29 in file start\start.s

UsageFault_Handler_asm 0000001C

Symbol: UsageFault_Handler_asm
   Definitions
      At line 85 in file start\start.s
   Uses
      At line 12 in file start\start.s
      At line 20 in file start\start.s

save_stack_asm 0000003A

Symbol: save_stack_asm
   Definitions
      At line 121 in file start\start.s
   Uses
      None
Comment: save_stack_asm unused



ARM Macro Assembler    Page 2 Alphabetic symbol ordering
Relocatable symbols

start_task_asm 00000048

Symbol: start_task_asm
   Definitions
      At line 132 in file start\start.s
   Uses
      At line 133 in file start\start.s
Comment: start_task_asm used once
8 symbols



ARM Macro Assembler    Page 1 Alphabetic symbol ordering
External symbols

HardFault_Handler 00000000

Symbol: HardFault_Handler
   Definitions
      At line 7 in file start\start.s
   Uses
      At line 17 in file start\start.s
Comment: HardFault_Handler used once
LedInit 00000000

Symbol: LedInit
   Definitions
      At line 45 in file start\start.s
   Uses
      At line 79 in file start\start.s
Comment: LedInit used once
SVC_Handler 00000000

Symbol: SVC_Handler
   Definitions
      At line 9 in file start\start.s
   Uses
      At line 25 in file start\start.s
Comment: SVC_Handler used once
SysTickInit 00000000

Symbol: SysTickInit
   Definitions
      At line 44 in file start\start.s
   Uses
      At line 78 in file start\start.s
Comment: SysTickInit used once
SysTick_Handler 00000000

Symbol: SysTick_Handler
   Definitions
      At line 10 in file start\start.s
   Uses
      At line 118 in file start\start.s
Comment: SysTick_Handler used once
SystemInit 00000000

Symbol: SystemInit
   Definitions
      At line 43 in file start\start.s
   Uses
      At line 75 in file start\start.s
Comment: SystemInit used once
UsageFaultInit 00000000

Symbol: UsageFaultInit
   Definitions
      At line 42 in file start\start.s
   Uses
      At line 77 in file start\start.s
Comment: UsageFaultInit used once
UsageFault_Handler 00000000

Symbol: UsageFault_Handler



ARM Macro Assembler    Page 2 Alphabetic symbol ordering
External symbols

   Definitions
      At line 8 in file start\start.s
   Uses
      At line 87 in file start\start.s
Comment: UsageFault_Handler used once
cur_task 00000000

Symbol: cur_task
   Definitions
      At line 95 in file start\start.s
      At line 122 in file start\start.s
   Uses
      At line 97 in file start\start.s
      At line 107 in file start\start.s
      At line 124 in file start\start.s
Warning: cur_task multiply defined
mymain 00000000

Symbol: mymain
   Definitions
      At line 35 in file start\start.s
   Uses
      At line 81 in file start\start.s
Comment: mymain used once
mymemcpy 00000000

Symbol: mymemcpy
   Definitions
      At line 36 in file start\start.s
   Uses
      None
Comment: mymemcpy unused
save_stack 00000000

Symbol: save_stack
   Definitions
      At line 94 in file start\start.s
   Uses
      None
Comment: save_stack unused
save_stack_frame 00000000

Symbol: save_stack_frame
   Definitions
      At line 93 in file start\start.s
   Uses
      None
Comment: save_stack_frame unused
usart1_init 00000000

Symbol: usart1_init
   Definitions
      At line 41 in file start\start.s
   Uses
      At line 76 in file start\start.s
Comment: usart1_init used once
14 symbols
358 symbols in table
